[2025-06-27 06:30:59] [INFO] Starting environment validation...
[2025-06-27 06:30:59] [ERROR] SLACK_WEBHOOK_URL environment variable not set
[2025-06-27 06:31:12] [INFO] Starting environment validation...
[2025-06-27 06:31:12] [INFO] Environment validation successful
[2025-06-27 06:59:26] [INFO] Starting environment validation...
[2025-06-27 06:59:26] [INFO] Environment validation successful
[2025-06-27 06:59:26] [INFO] Starting auto-setup...
[2025-06-27 06:59:26] [INFO] Auto-setup completed successfully
[2025-06-27 06:59:26] [INFO] Starting monitoring process...
[2025-06-27 06:59:28] [INFO] Monitoring process started with PID: 46781
[2025-06-27 06:59:28] [INFO] Found 5 tmux sessions: 0 14 5 multiagent president
[2025-06-27 06:59:28] [INFO] Found 5 tmux sessions: 0 14 5 multiagent president
[2025-06-27 07:01:12] [INFO] Found 5 tmux sessions: 0 14 5 multiagent president
[2025-06-27 07:01:12] [INFO] Found 5 tmux sessions: 0 14 5 multiagent president
[2025-06-27 07:02:19] [INFO] Starting environment validation...
[2025-06-27 07:02:19] [ERROR] SLACK_WEBHOOK_URL environment variable not set
[2025-06-27 07:03:28] [INFO] Starting environment validation...
[2025-06-27 07:03:28] [INFO] Environment validation successful
[2025-06-27 07:03:28] [INFO] Starting auto-setup...
[2025-06-27 07:03:28] [INFO] Auto-setup completed successfully
[2025-06-27 07:03:28] [INFO] Starting test mode...
[2025-06-27 07:03:43] [INFO] Test mode completed
[2025-06-27 07:08:13] [INFO] Restarting monitoring...
[2025-06-27 07:08:13] [INFO] Stopping monitoring process...
[2025-06-27 07:08:15] [INFO] Monitoring process stopped
[2025-06-27 07:08:16] [INFO] Starting monitoring process...
[2025-06-27 07:08:18] [INFO] Monitoring process started with PID: 85843
[2025-06-27 07:08:18] [INFO] Found 6 tmux sessions: 0 14 5 ghostty-test-session multiagent president
[2025-06-27 07:08:18] [INFO] Found 6 tmux sessions: 0 14 5 ghostty-test-session multiagent president
[2025-06-27 07:15:46] [INFO] Restarting monitoring...
[2025-06-27 07:15:46] [INFO] Stopping monitoring process...
[2025-06-27 07:15:48] [INFO] Monitoring process stopped
[2025-06-27 07:15:49] [INFO] Starting monitoring process...
[2025-06-27 07:15:51] [INFO] Monitoring process started with PID: 7103
[2025-06-27 07:15:51] [INFO] Found 6 tmux sessions: 0 14 5 ghostty-test-session multiagent president
[2025-06-27 07:15:51] [INFO] Found 6 tmux sessions: 0 14 5 ghostty-test-session multiagent president
[2025-06-27 07:19:20] [INFO] Restarting monitoring...
[2025-06-27 07:19:20] [INFO] Stopping monitoring process...
[2025-06-27 07:19:22] [INFO] Monitoring process stopped
[2025-06-27 07:19:23] [INFO] Starting monitoring process...
[2025-06-27 07:19:25] [INFO] Monitoring process started with PID: 19438
[2025-06-27 07:19:25] [INFO] Found 6 tmux sessions: 0 14 5 ghostty-test-session multiagent president
[2025-06-27 07:19:25] [INFO] Found 6 tmux sessions: 0 14 5 ghostty-test-session multiagent president
[2025-06-27 07:22:14] [INFO] Restarting monitoring...
[2025-06-27 07:22:14] [INFO] Stopping monitoring process...
[2025-06-27 07:22:16] [INFO] Monitoring process stopped
[2025-06-27 07:22:17] [INFO] Starting monitoring process...
[2025-06-27 07:22:19] [INFO] Monitoring process started with PID: 27048
[2025-06-27 07:22:19] [INFO] Found 6 tmux sessions: 0 14 5 ghostty-test-session multiagent president
[2025-06-27 07:22:19] [INFO] Found 6 tmux sessions: 0 14 5 ghostty-test-session multiagent president
[2025-06-27 07:28:15] [INFO] Stopping monitoring process...
[2025-06-27 07:28:17] [INFO] Monitoring process stopped
[2025-06-27 07:28:51] [INFO] Stopping monitoring process...
[2025-06-27 15:36:05] [INFO] Starting environment validation...
[2025-06-27 15:36:05] [ERROR] Required script not found: /Users/kaikojima/tmux-notification-system/core/notification_manager.sh
[2025-06-27 15:36:05] [ERROR] Required script not found: /Users/kaikojima/tmux-notification-system/core/interactive_notification_formatter.sh
[2025-06-27 15:39:26] [INFO] Starting environment validation...
[2025-06-27 15:39:26] [ERROR] Required script not found: /Users/kaikojima/tmux-notification-system/core/notification_manager.sh
[2025-06-27 15:39:26] [ERROR] Required script not found: /Users/kaikojima/tmux-notification-system/core/interactive_notification_formatter.sh
[2025-06-27 15:50:28] [INFO] Starting environment validation...
[2025-06-27 15:50:28] [INFO] Environment validation successful
[2025-06-27 15:50:28] [INFO] Starting auto-setup...
[2025-06-27 16:59:53] [INFO] Starting environment validation...
[2025-06-27 16:59:53] [INFO] Environment validation successful
[2025-06-27 16:59:53] [INFO] Starting auto-setup...
[2025-06-27 17:00:06] [INFO] Starting environment validation...
[2025-06-27 17:00:06] [INFO] Environment validation successful
[2025-06-27 17:00:06] [INFO] Starting auto-setup...
[2025-06-27 17:00:21] [INFO] Starting environment validation...
[2025-06-27 17:00:21] [INFO] Environment validation successful
[2025-06-27 17:00:21] [INFO] Starting auto-setup...
[2025-06-27 17:00:29] [INFO] Starting environment validation...
[2025-06-27 17:01:28] [INFO] Starting environment validation...
[2025-06-27 17:01:28] [INFO] Environment validation successful
[2025-06-27 17:01:28] [INFO] Starting auto-setup...
[2025-06-27 17:01:42] [INFO] Starting environment validation...
[2025-06-27 17:01:42] [INFO] Environment validation successful
[2025-06-27 17:01:42] [INFO] Starting auto-setup...
[2025-06-27 17:01:42] [INFO] Auto-setup completed successfully
[2025-06-27 17:01:42] [INFO] Starting test mode...
[2025-06-27 17:01:57] [INFO] Test mode completed
[2025-06-27 17:02:07] [INFO] Starting environment validation...
[2025-06-27 17:02:07] [INFO] Environment validation successful
[2025-06-27 17:02:07] [INFO] Starting auto-setup...
[2025-06-27 17:02:07] [INFO] Auto-setup completed successfully
[2025-06-27 17:02:07] [INFO] Starting monitoring process...
[2025-06-27 17:02:09] [INFO] Monitoring process started with PID: 90231
[2025-06-27 17:02:09] [INFO] Found 6 tmux sessions: 0 14 5 ghostty-test-session multiagent president
[2025-06-27 17:02:09] [INFO] Found 6 tmux sessions: 0 14 5 ghostty-test-session multiagent president
[2025-06-27 17:05:26] [INFO] Restarting monitoring...
[2025-06-27 17:05:26] [INFO] Stopping monitoring process...
[2025-06-27 17:05:28] [INFO] Monitoring process stopped
[2025-06-27 17:05:29] [INFO] Starting monitoring process...
[2025-06-27 17:05:31] [INFO] Monitoring process started with PID: 9605
[2025-06-27 17:05:31] [INFO] Found 6 tmux sessions: 0 14 5 ghostty-test-session multiagent president
[2025-06-27 17:05:31] [INFO] Found 6 tmux sessions: 0 14 5 ghostty-test-session multiagent president
[2025-06-29 04:03:35] [INFO] Stopping monitoring process...
[2025-06-29 04:03:37] [INFO] Monitoring process stopped
[2025-06-29 14:27:41] [INFO] Starting environment validation...
[2025-06-29 14:27:41] [INFO] Environment validation successful
[2025-06-29 14:27:41] [INFO] Starting auto-setup...
[2025-06-29 14:27:41] [INFO] Auto-setup completed successfully
[2025-06-29 14:27:41] [INFO] Starting monitoring process...
[2025-06-29 14:27:43] [INFO] Monitoring process started with PID: 19141
[2025-06-29 14:27:43] [INFO] Found 6 tmux sessions: 0 14 5 ghostty-test-session multiagent president
[2025-06-29 14:27:43] [INFO] Found 6 tmux sessions: 0 14 5 ghostty-test-session multiagent president
