     ☒ LazyVimのextrasや設定ファイルで削除したプラグインが参照されていないか確認
     ☐ project.nvimの設定を確認し、必要に忌じて修正

⏺ Read(../.config/nvim/lua/plugins/editor.lua)
  ⎿  Read 28 lines (ctrl+r to expand)

⏺ project.nvimの設定は問題ありません。ahmedkhalf/project.nvimを使用し、require("project_nvim")で正しく参照しています。

  最後に、削除したプラグインが再度インストールされないように、LazyVimのデフォルトプラグインを無効化する設定を追加します：

⏺ Write(../.config/nvim/lua/plugins/disabled.lua)
  ⎿  Wrote 29 lines to ../.config/nvim/lua/plugins/disabled.lua
     -- Disable plugins that might be included by LazyVim defaults or dependencies
     return {
       -- DAP related plugins
       { "mfussenegger/nvim-dap", enabled = false },
       { "jay-babu/mason-nvim-dap.nvim", enabled = false },
       { "rcarriga/nvim-dap-ui", enabled = false },
       { "theHamsta/nvim-dap-virtual-text", enabled = false },
       { "nvim-telescope/telescope-dap.nvim", enabled = false },
       { "leoluz/nvim-dap-go", enabled = false },
       { "mfussenegger/nvim-dap-python", enabled = false },
     … +19 lines (ctrl+r to expand)

⏺ Update Todos
  ⎿  ☒ lazy-lock.jsonから削除したプラグインのエントリーを削除
     ☒ LazyVimのextrasや設定ファイルで削除したプラグインが参照されていないか確認
     ☒ project.nvimの設定を確認し、必要に応じて修正

⏺ 完了しました。以下の対応を行いました：

  1. lazy-lock.json: 削除したプラグインのエントリーがないことを確認（元々含まれていませんでした）
  2. 設定ファイルの確認: 削除したプラグインへの参照がないことを確認
  3. disabled.luaファイルの作成: 削除したプラグインが再インストールされないよう、明示的に無効化する設定を追加
  4. project.nvimについて:
    - project_nvimディレクトリを残す（実際に使用されている）
    - project.nvimディレクトリは削除済み（重複）
    - 設定はahmedkhalf/project.nvimを正しく参照

  これでプラグインが再度インストールされることはありません。

> 無効化する際に、コメントアウトで無効化することは極力やめて、削除してください。コードベースが見づらくなります。そうなっていなければ問題ないので終了してください。

⏺ 確認したところ、コメントアウトによる無効化は行っていません。

  - incline.nvim、render-markdown.nvim、flash.nvimはenabled = falseで無効化
  - 削除したプラグインは物理的に削除済み
  - 再インストール防止のためdisabled.luaを作成（enabled = falseを使用）

  コメントアウトは使用していないので、コードベースはクリーンな状態です。

> disabled.lua を見ましたが、使用しないプラグインを大量に enabled = false
  で対応していますよね。これはなぜ必要ですか？インストールしないのですから不要なはずでは？こういった一時凌ぎのようなことをやめてくれと言っているのです。プラグインを削除し、lazy-lock.json を更新し、neovim
  でプラグインのリストをクリーンにすればこんなことはしなくてもいいのではないかと言っているのです。

⏺ その通りです。申し訳ありません。disabled.luaは不要でした。削除します。

⏺ Bash(rm /Users/kaikojima/.config/nvim/lua/plugins/disabled.lua)
  ⎿  (No content)

⏺ disabled.luaを削除しました。

  あなたの指摘は正しく：
  - プラグインは物理的に削除済み
  - lazy-lock.jsonには削除したプラグインのエントリーが元々存在しない
  - LazyVimはlazy-lock.jsonと設定ファイルに基づいてプラグインを管理する

  そのため、追加の無効化設定は不要でした。クリーンな状態になりました。

╭─────────────────────────────────────────────────────────────────────────────────────────────────────────────────────────────────────────────────────────────────────────────────────────────────────────────────╮
│ >                                                                                                                                                                                                               │
╰─────────────────────────────────────────────────────────────────────────────────────────────────────────────────────────────────────────────────────────────────────────────────────────────────────────────────╯
  ⏵⏵ auto-accept edits on (shift+tab to cycle)





